{
  "RSpec": {
    "coverage": {
      "/Users/salar/Desktop/revisiting_challenges/Bookmarks_v2/app.rb": {
        "lines": [
          1,
          1,
          null,
          1,
          1,
          1,
          1,
          1,
          2,
          null,
          null,
          null,
          1,
          null
        ]
      },
      "/Users/salar/Desktop/revisiting_challenges/Bookmarks_v2/spec/features/add_a_bookmark_spec.rb": {
        "lines": [
          1,
          1,
          1,
          1,
          null,
          null
        ]
      },
      "/Users/salar/Desktop/revisiting_challenges/Bookmarks_v2/spec/features/infrastructure_spec.rb": {
        "lines": [
          1,
          1,
          1,
          1,
          null,
          null
        ]
      }
    },
    "timestamp": 1612396238
  }
}
