{
  "RSpec": {
    "coverage": {
      "/Users/salar/Desktop/revisiting_challenges/Bookmarks_v2/app.rb": {
        "lines": [
          null,
          1,
          1,
          1,
          1,
          1,
          1,
          1,
          1,
          1,
          null,
          null,
          1,
          1,
          1,
          null,
          null,
          null,
          1,
          null
        ]
      },
      "/Users/salar/Desktop/revisiting_challenges/Bookmarks_v2/lib/bookmark.rb": {
        "lines": [
          null,
          null,
          1,
          1,
          2,
          null,
          null,
          null
        ]
      },
      "/Users/salar/Desktop/revisiting_challenges/Bookmarks_v2/spec/features/infrastructure_spec.rb": {
        "lines": [
          null,
          null,
          1,
          1,
          1,
          1,
          null,
          null
        ]
      },
      "/Users/salar/Desktop/revisiting_challenges/Bookmarks_v2/spec/features/view_bookmarks_spec.rb": {
        "lines": [
          null,
          null,
          1,
          1,
          1,
          1,
          1,
          null,
          null,
          null
        ]
      },
      "/Users/salar/Desktop/revisiting_challenges/Bookmarks_v2/spec/unit/bookmark_spec.rb": {
        "lines": [
          null,
          null,
          1,
          null,
          1,
          1,
          1,
          1,
          1,
          1,
          null,
          null,
          null
        ]
      }
    },
    "timestamp": 1612480411
  }
}
